<!DOCTYPE html PUBLIC "-//W3C//DTD XHTML 1.1//EN" "https://www.w3.org/TR/xhtml11/DTD/xhtml11.dtd">
<html xmlns="https://www.w3.org/1999/xhtml">
<head>
<meta http-equiv="content-type" content="text/html; charset=UTF-8"/>
<title>TestNG Report</title>
<style type="text/css">table {margin-bottom:10px;border-collapse:collapse;empty-cells:show}th,td {border:1px solid #009;padding:.25em .5em}th {vertical-align:bottom}td {vertical-align:top}table a {font-weight:bold}.stripe td {background-color: #E6EBF9}.num {text-align:right}.passedodd td {background-color: #3F3}.passedeven td {background-color: #0A0}.skippedodd td {background-color: #DDD}.skippedeven td {background-color: #CCC}.failedodd td,.attn {background-color: #F33}.failedeven td,.stripe .attn {background-color: #D00}.stacktrace {white-space:pre;font-family:monospace}.totop {font-size:85%;text-align:center;border-bottom:2px solid #000}.invisible {display:none}</style>
</head>
<body>
<table>
<tr><th>Test</th><th># Passed</th><th># Skipped</th><th># Retried</th><th># Failed</th><th>Time (ms)</th><th>Included Groups</th><th>Excluded Groups</th></tr>
<tr><th colspan="8">API Regression Suite</th></tr>
<tr><td><a href="#t0">get User Test</a></td><td class="num">2</td><td class="num">0</td><td class="num">0</td><td class="num">0</td><td class="num">3,638</td><td></td><td></td></tr>
<tr class="stripe"><td><a href="#t1">CreateUserTest User Test</a></td><td class="num">2</td><td class="num">0</td><td class="num">0</td><td class="num">0</td><td class="num">4,648</td><td></td><td></td></tr>
<tr><td><a href="#t2">PatchUpdateTest Update User Test</a></td><td class="num">1</td><td class="num">0</td><td class="num">0</td><td class="num">0</td><td class="num">3,017</td><td></td><td></td></tr>
<tr class="stripe"><td><a href="#t3">PutUpdateTest User Test</a></td><td class="num">1</td><td class="num">0</td><td class="num">0</td><td class="num">0</td><td class="num">2,961</td><td></td><td></td></tr>
<tr><td><a href="#t4">Delete User Test</a></td><td class="num">1</td><td class="num">0</td><td class="num">0</td><td class="num">0</td><td class="num">4,658</td><td></td><td></td></tr>
<tr class="stripe"><td><a href="#t5">ReqresTest User Test</a></td><td class="num">1</td><td class="num">0</td><td class="num">0</td><td class="num">0</td><td class="num">96</td><td></td><td></td></tr>
<tr><td><a href="#t6">Contact User Test</a></td><td class="num">1</td><td class="num">0</td><td class="num">0</td><td class="num">0</td><td class="num">2,262</td><td></td><td></td></tr>
<tr class="stripe"><td><a href="#t7">Product User Test</a></td><td class="num">2</td><td class="num">0</td><td class="num">0</td><td class="num">0</td><td class="num">1,172</td><td></td><td></td></tr>
<tr><td><a href="#t8">ProductAPITestWithJsonPathValidator User Test</a></td><td class="num">0</td><td class="num">0</td><td class="num">0</td><td class="num attn">1</td><td class="num">638</td><td></td><td></td></tr>
<tr class="stripe"><td><a href="#t9">GetUserWithDeserilization User Test</a></td><td class="num">1</td><td class="num">0</td><td class="num">0</td><td class="num">0</td><td class="num">735</td><td></td><td></td></tr>
<tr><td><a href="#t10">AmadeusAPITest User Test</a></td><td class="num">0</td><td class="num">0</td><td class="num">0</td><td class="num attn">1</td><td class="num">10</td><td></td><td></td></tr>
<tr><th>Total</th><th class="num">12</th><th class="num">0</th><th class="num">0</th><th class="num attn">2</th><th class="num">23,835</th><th colspan="2"></th></tr>
</table>
<table id='summary'><thead><tr><th>Class</th><th>Method</th><th>Start</th><th>Time (ms)</th></tr></thead><tbody><tr><th colspan="4">API Regression Suite</th></tr></tbody><tbody id="t0"><tr><th colspan="4">get User Test &#8212; passed</th></tr><tr class="passedeven"><td rowspan="2">com.qa.api.tests.GetUserTest</td><td><a href="#m0">getAllUserTest</a></td><td rowspan="1">1742465313123</td><td rowspan="1">2028</td></tr><tr class="passedeven"><td><a href="#m1">getSingleUserTest</a></td><td rowspan="1">1742465315192</td><td rowspan="1">1079</td></tr></tbody>
<tbody id="t1"><tr><th colspan="4">CreateUserTest User Test &#8212; passed</th></tr><tr class="passedeven"><td rowspan="2">com.qa.api.tests.CreateUserTest</td><td><a href="#m2">CreateUserTest</a></td><td rowspan="1">1742465316310</td><td rowspan="1">2597</td></tr><tr class="passedeven"><td><a href="#m3">CreateUserTestUsingBuilderTest</a></td><td rowspan="1">1742465318909</td><td rowspan="1">2044</td></tr></tbody>
<tbody id="t2"><tr><th colspan="4">PatchUpdateTest Update User Test &#8212; passed</th></tr><tr class="passedeven"><td rowspan="1">com.qa.api.tests.PatchUpdateTest</td><td><a href="#m4">CreateUserTestUsingBuilderPatchTest</a></td><td rowspan="1">1742465320961</td><td rowspan="1">3013</td></tr></tbody>
<tbody id="t3"><tr><th colspan="4">PutUpdateTest User Test &#8212; passed</th></tr><tr class="passedeven"><td rowspan="1">com.qa.api.tests.PutUpdateTest</td><td><a href="#m5">CreateUserTestUsingBuilderPutTest</a></td><td rowspan="1">1742465323983</td><td rowspan="1">2957</td></tr></tbody>
<tbody id="t4"><tr><th colspan="4">Delete User Test &#8212; passed</th></tr><tr class="passedeven"><td rowspan="1">com.qa.api.tests.DeleteTest</td><td><a href="#m6">CreateUserTestUsingBuilderDeleteTest</a></td><td rowspan="1">1742465326948</td><td rowspan="1">4654</td></tr></tbody>
<tbody id="t5"><tr><th colspan="4">ReqresTest User Test &#8212; passed</th></tr><tr class="passedeven"><td rowspan="1">com.qa.reqres.api.tests.ReqresTest</td><td><a href="#m7">getUserReqresTest</a></td><td rowspan="1">1742465331608</td><td rowspan="1">92</td></tr></tbody>
<tbody id="t6"><tr><th colspan="4">Contact User Test &#8212; passed</th></tr><tr class="passedeven"><td rowspan="1">com.qa.contacts.api.tests.ContactAPITest</td><td><a href="#m8">getContactTest</a></td><td rowspan="1">1742465332880</td><td rowspan="1">1089</td></tr></tbody>
<tbody id="t7"><tr><th colspan="4">Product User Test &#8212; passed</th></tr><tr class="passedeven"><td rowspan="2">com.qa.products.api.test.ProductAPITest</td><td><a href="#m9">getProductAPILimitTest</a></td><td rowspan="1">1742465333975</td><td rowspan="1">605</td></tr><tr class="passedeven"><td><a href="#m10">getProductAPITest</a></td><td rowspan="1">1742465334582</td><td rowspan="1">560</td></tr></tbody>
<tbody id="t8"><tr><th colspan="4">ProductAPITestWithJsonPathValidator User Test &#8212; failed</th></tr><tr class="failedeven"><td rowspan="1">com.qa.products.api.test.ProductAPITestWithJsonPathValidator</td><td><a href="#m11">getProductTestJsonPathTest</a></td><td rowspan="1">1742465335155</td><td rowspan="1">633</td></tr></tbody>
<tbody id="t9"><tr><th colspan="4">GetUserWithDeserilization User Test &#8212; passed</th></tr><tr class="passedeven"><td rowspan="1">com.qa.api.tests.GetUserWithDeserilization</td><td><a href="#m12">getDeserilizeAllUserTest</a></td><td rowspan="1">1742465335800</td><td rowspan="1">730</td></tr></tbody>
<tbody id="t10"><tr><th colspan="4">AmadeusAPITest User Test &#8212; failed</th></tr><tr class="failedeven"><td rowspan="1">com.qa.Oauth2.Amadeus.api.tests.AmadeusAPITest</td><td><a href="#m13">getFlightDetailsTest</a></td><td rowspan="1">1742465336538</td><td rowspan="1">6</td></tr></tbody>
</table>
<h2>get User Test</h2><h3 id="m0">com.qa.api.tests.GetUserTest#getAllUserTest</h3><table class="result"><tr><th class="invisible"/></tr></table><p class="totop"><a href="#summary">back to summary</a></p>
<h3 id="m1">com.qa.api.tests.GetUserTest#getSingleUserTest</h3><table class="result"><tr><th class="invisible"/></tr></table><p class="totop"><a href="#summary">back to summary</a></p>
<h2>CreateUserTest User Test</h2><h3 id="m2">com.qa.api.tests.CreateUserTest#CreateUserTest</h3><table class="result"><tr><th class="invisible"/></tr></table><p class="totop"><a href="#summary">back to summary</a></p>
<h3 id="m3">com.qa.api.tests.CreateUserTest#CreateUserTestUsingBuilderTest</h3><table class="result"><tr><th class="invisible"/></tr></table><p class="totop"><a href="#summary">back to summary</a></p>
<h2>PatchUpdateTest Update User Test</h2><h3 id="m4">com.qa.api.tests.PatchUpdateTest#CreateUserTestUsingBuilderPatchTest</h3><table class="result"><tr><th class="invisible"/></tr></table><p class="totop"><a href="#summary">back to summary</a></p>
<h2>PutUpdateTest User Test</h2><h3 id="m5">com.qa.api.tests.PutUpdateTest#CreateUserTestUsingBuilderPutTest</h3><table class="result"><tr><th class="invisible"/></tr></table><p class="totop"><a href="#summary">back to summary</a></p>
<h2>Delete User Test</h2><h3 id="m6">com.qa.api.tests.DeleteTest#CreateUserTestUsingBuilderDeleteTest</h3><table class="result"><tr><th class="invisible"/></tr></table><p class="totop"><a href="#summary">back to summary</a></p>
<h2>ReqresTest User Test</h2><h3 id="m7">com.qa.reqres.api.tests.ReqresTest#getUserReqresTest</h3><table class="result"><tr><th class="invisible"/></tr></table><p class="totop"><a href="#summary">back to summary</a></p>
<h2>Contact User Test</h2><h3 id="m8">com.qa.contacts.api.tests.ContactAPITest#getContactTest</h3><table class="result"><tr><th class="invisible"/></tr></table><p class="totop"><a href="#summary">back to summary</a></p>
<h2>Product User Test</h2><h3 id="m9">com.qa.products.api.test.ProductAPITest#getProductAPILimitTest</h3><table class="result"><tr><th class="invisible"/></tr></table><p class="totop"><a href="#summary">back to summary</a></p>
<h3 id="m10">com.qa.products.api.test.ProductAPITest#getProductAPITest</h3><table class="result"><tr><th class="invisible"/></tr></table><p class="totop"><a href="#summary">back to summary</a></p>
<h2>ProductAPITestWithJsonPathValidator User Test</h2><h3 id="m11">com.qa.products.api.test.ProductAPITestWithJsonPathValidator#getProductTestJsonPathTest</h3><table class="result"><tr><th>Exception</th></tr><tr><td><div class="stacktrace">java.lang.ClassCastException: class java.lang.Double cannot be cast to class java.util.List (java.lang.Double and java.util.List are in module java.base of loader &apos;bootstrap&apos;)
	at com.qa.api.utils.JsonPathValidator.readMap(JsonPathValidator.java:35)
	at com.qa.products.api.test.ProductAPITestWithJsonPathValidator.getProductTestJsonPathTest(ProductAPITestWithJsonPathValidator.java:38)
	at java.base/jdk.internal.reflect.DirectMethodHandleAccessor.invoke(DirectMethodHandleAccessor.java:104)
	at java.base/java.lang.reflect.Method.invoke(Method.java:578)
	at org.testng.internal.invokers.MethodInvocationHelper.invokeMethod(MethodInvocationHelper.java:141)
	at org.testng.internal.invokers.TestInvoker.invokeMethod(TestInvoker.java:686)
	at org.testng.internal.invokers.TestInvoker.invokeTestMethod(TestInvoker.java:230)
	at org.testng.internal.invokers.MethodRunner.runInSequence(MethodRunner.java:63)
	at org.testng.internal.invokers.TestInvoker$MethodInvocationAgent.invoke(TestInvoker.java:992)
	at org.testng.internal.invokers.TestInvoker.invokeTestMethods(TestInvoker.java:203)
	at org.testng.internal.invokers.TestMethodWorker.invokeTestMethods(TestMethodWorker.java:154)
	at org.testng.internal.invokers.TestMethodWorker.run(TestMethodWorker.java:134)
	at java.base/java.util.ArrayList.forEach(ArrayList.java:1511)
	at org.testng.TestRunner.privateRun(TestRunner.java:739)
	at org.testng.TestRunner.run(TestRunner.java:614)
	at org.testng.SuiteRunner.runTest(SuiteRunner.java:421)
	at org.testng.SuiteRunner.runSequentially(SuiteRunner.java:413)
	at org.testng.SuiteRunner.privateRun(SuiteRunner.java:373)
	at org.testng.SuiteRunner.run(SuiteRunner.java:312)
	at org.testng.SuiteRunnerWorker.runSuite(SuiteRunnerWorker.java:52)
	at org.testng.SuiteRunnerWorker.run(SuiteRunnerWorker.java:95)
	at org.testng.TestNG.runSuitesSequentially(TestNG.java:1274)
	at org.testng.TestNG.runSuitesLocally(TestNG.java:1208)
	at org.testng.TestNG.runSuites(TestNG.java:1112)
	at org.testng.TestNG.run(TestNG.java:1079)
	at org.testng.remote.AbstractRemoteTestNG.run(AbstractRemoteTestNG.java:115)
	at org.testng.remote.RemoteTestNG.initAndRun(RemoteTestNG.java:293)
	at org.testng.remote.RemoteTestNG.main(RemoteTestNG.java:91)
</div></td></tr></table><p class="totop"><a href="#summary">back to summary</a></p>
<h2>GetUserWithDeserilization User Test</h2><h3 id="m12">com.qa.api.tests.GetUserWithDeserilization#getDeserilizeAllUserTest</h3><table class="result"><tr><th class="invisible"/></tr></table><p class="totop"><a href="#summary">back to summary</a></p>
<h2>AmadeusAPITest User Test</h2><h3 id="m13">com.qa.Oauth2.Amadeus.api.tests.AmadeusAPITest#getFlightDetailsTest</h3><table class="result"><tr><th>Exception</th></tr><tr><td><div class="stacktrace">java.lang.ClassCastException: class io.restassured.internal.NoParameterValue cannot be cast to class java.lang.String (io.restassured.internal.NoParameterValue is in unnamed module of loader &apos;app&apos;; java.lang.String is in module java.base of loader &apos;bootstrap&apos;)
	at java.base/java.util.HashMap.forEach(HashMap.java:1429)
	at io.qameta.allure.attachment.http.HttpRequestAttachment$Builder.getCurl(HttpRequestAttachment.java:253)
	at io.qameta.allure.attachment.http.HttpRequestAttachment$Builder.build(HttpRequestAttachment.java:242)
	at io.qameta.allure.restassured.AllureRestAssured.filter(AllureRestAssured.java:114)
	at io.restassured.filter.Filter$filter.call(Unknown Source)
	at org.codehaus.groovy.runtime.callsite.CallSiteArray.defaultCall(CallSiteArray.java:45)
	at io.restassured.filter.Filter$filter$0.call(Unknown Source)
	at io.restassured.internal.filter.FilterContextImpl.next(FilterContextImpl.groovy:72)
	at io.restassured.filter.FilterContext$next.call(Unknown Source)
	at io.restassured.internal.filter.CsrfFilter.filter(CsrfFilter.groovy:70)
	at io.restassured.filter.Filter$filter$0.call(Unknown Source)
	at org.codehaus.groovy.runtime.callsite.CallSiteArray.defaultCall(CallSiteArray.java:45)
	at io.restassured.filter.Filter$filter$0.call(Unknown Source)
	at io.restassured.internal.filter.FilterContextImpl.next(FilterContextImpl.groovy:72)
	at io.restassured.filter.FilterContext$next.call(Unknown Source)
	at io.restassured.internal.RequestSpecificationImpl.applyPathParamsAndSendRequest(RequestSpecificationImpl.groovy:1704)
	at io.restassured.internal.RequestSpecificationImpl.this$2$applyPathParamsAndSendRequest(RequestSpecificationImpl.groovy)
	at java.base/jdk.internal.reflect.DirectMethodHandleAccessor.invoke(DirectMethodHandleAccessor.java:104)
	at java.base/java.lang.reflect.Method.invoke(Method.java:578)
	at org.codehaus.groovy.reflection.CachedMethod.invoke(CachedMethod.java:343)
	at groovy.lang.MetaMethod.doMethodInvoke(MetaMethod.java:328)
	at groovy.lang.MetaClassImpl.doInvokeMethod(MetaClassImpl.java:1334)
	at groovy.lang.MetaClassImpl.invokeMethod(MetaClassImpl.java:1089)
	at groovy.lang.MetaClassImpl.invokeMethod(MetaClassImpl.java:1008)
	at groovy.lang.MetaClassImpl.invokeMethod(MetaClassImpl.java:791)
	at io.restassured.internal.RequestSpecificationImpl.invokeMethod(RequestSpecificationImpl.groovy)
	at org.codehaus.groovy.runtime.callsite.PogoInterceptableSite.call(PogoInterceptableSite.java:46)
	at org.codehaus.groovy.runtime.callsite.PogoInterceptableSite.callCurrent(PogoInterceptableSite.java:57)
	at org.codehaus.groovy.runtime.callsite.AbstractCallSite.callCurrent(AbstractCallSite.java:203)
	at io.restassured.internal.RequestSpecificationImpl.applyPathParamsAndSendRequest(RequestSpecificationImpl.groovy:1710)
	at io.restassured.internal.RequestSpecificationImpl.this$2$applyPathParamsAndSendRequest(RequestSpecificationImpl.groovy)
	at java.base/jdk.internal.reflect.DirectMethodHandleAccessor.invoke(DirectMethodHandleAccessor.java:104)
	at java.base/java.lang.reflect.Method.invoke(Method.java:578)
	at org.codehaus.groovy.reflection.CachedMethod.invoke(CachedMethod.java:343)
	at groovy.lang.MetaMethod.doMethodInvoke(MetaMethod.java:328)
	at groovy.lang.MetaClassImpl.doInvokeMethod(MetaClassImpl.java:1334)
	at groovy.lang.MetaClassImpl.invokeMethod(MetaClassImpl.java:1089)
	at groovy.lang.MetaClassImpl.invokeMethod(MetaClassImpl.java:1008)
	at groovy.lang.MetaClassImpl.invokeMethod(MetaClassImpl.java:791)
	at io.restassured.internal.RequestSpecificationImpl.invokeMethod(RequestSpecificationImpl.groovy)
	at org.codehaus.groovy.runtime.callsite.PogoInterceptableSite.call(PogoInterceptableSite.java:46)
	at org.codehaus.groovy.runtime.callsite.PogoInterceptableSite.callCurrent(PogoInterceptableSite.java:57)
	at org.codehaus.groovy.runtime.callsite.AbstractCallSite.callCurrent(AbstractCallSite.java:203)
	at io.restassured.internal.RequestSpecificationImpl.post(RequestSpecificationImpl.groovy:176)
	at io.restassured.internal.RequestSpecificationImpl.post(RequestSpecificationImpl.groovy)
	at com.qa.api.client.RestClient.genertaOauth2Toke(RestClient.java:85)
	at com.qa.api.client.RestClient.setupRequest(RestClient.java:50)
	at com.qa.api.client.RestClient.get(RestClient.java:104)
	at com.qa.Oauth2.Amadeus.api.tests.AmadeusAPITest.getFlightDetailsTest(AmadeusAPITest.java:23)
	at java.base/jdk.internal.reflect.DirectMethodHandleAccessor.invoke(DirectMethodHandleAccessor.java:104)
	at java.base/java.lang.reflect.Method.invoke(Method.java:578)
	at org.testng.internal.invokers.MethodInvocationHelper.invokeMethod(MethodInvocationHelper.java:141)
	at org.testng.internal.invokers.TestInvoker.invokeMethod(TestInvoker.java:686)
	at org.testng.internal.invokers.TestInvoker.invokeTestMethod(TestInvoker.java:230)
	at org.testng.internal.invokers.MethodRunner.runInSequence(MethodRunner.java:63)
	at org.testng.internal.invokers.TestInvoker$MethodInvocationAgent.invoke(TestInvoker.java:992)
	at org.testng.internal.invokers.TestInvoker.invokeTestMethods(TestInvoker.java:203)
	at org.testng.internal.invokers.TestMethodWorker.invokeTestMethods(TestMethodWorker.java:154)
	at org.testng.internal.invokers.TestMethodWorker.run(TestMethodWorker.java:134)
	at java.base/java.util.ArrayList.forEach(ArrayList.java:1511)
	at org.testng.TestRunner.privateRun(TestRunner.java:739)
	at org.testng.TestRunner.run(TestRunner.java:614)
	at org.testng.SuiteRunner.runTest(SuiteRunner.java:421)
	at org.testng.SuiteRunner.runSequentially(SuiteRunner.java:413)
	at org.testng.SuiteRunner.privateRun(SuiteRunner.java:373)
	at org.testng.SuiteRunner.run(SuiteRunner.java:312)
	at org.testng.SuiteRunnerWorker.runSuite(SuiteRunnerWorker.java:52)
	at org.testng.SuiteRunnerWorker.run(SuiteRunnerWorker.java:95)
	at org.testng.TestNG.runSuitesSequentially(TestNG.java:1274)
	at org.testng.TestNG.runSuitesLocally(TestNG.java:1208)
	at org.testng.TestNG.runSuites(TestNG.java:1112)
	at org.testng.TestNG.run(TestNG.java:1079)
	at org.testng.remote.AbstractRemoteTestNG.run(AbstractRemoteTestNG.java:115)
	at org.testng.remote.RemoteTestNG.initAndRun(RemoteTestNG.java:293)
	at org.testng.remote.RemoteTestNG.main(RemoteTestNG.java:91)
</div></td></tr></table><p class="totop"><a href="#summary">back to summary</a></p>
</body>
</html>
