<?xml version="1.0" encoding="UTF-8"?>
<testng-results ignored="0" total="8" passed="7" failed="1" skipped="0">
  <reporter-output>
  </reporter-output>
  <suite started-at="2025-03-18T14:59:29 IST" name="API Regression Suite" finished-at="2025-03-18T14:59:49 IST" duration-ms="20250">
    <groups>
    </groups>
    <test started-at="2025-03-18T14:59:29 IST" name="get User Test" finished-at="2025-03-18T14:59:32 IST" duration-ms="3011">
      <class name="com.qa.api.tests.GetUserTest">
        <test-method is-config="true" signature="setUp()[pri:0, instance:com.qa.api.tests.GetUserTest@7d0b7e3c]" started-at="2025-03-18T14:59:29 IST" name="setUp" finished-at="2025-03-18T14:59:29 IST" duration-ms="403" status="PASS">
          <reporter-output>
          </reporter-output>
        </test-method> <!-- setUp -->
        <test-method signature="getAllUserTest()[pri:0, instance:com.qa.api.tests.GetUserTest@7d0b7e3c]" started-at="2025-03-18T14:59:29 IST" name="getAllUserTest" finished-at="2025-03-18T14:59:30 IST" duration-ms="1516" status="PASS">
          <reporter-output>
          </reporter-output>
        </test-method> <!-- getAllUserTest -->
        <test-method is-config="true" signature="setUp()[pri:0, instance:com.qa.api.tests.GetUserTest@7d0b7e3c]" started-at="2025-03-18T14:59:31 IST" name="setUp" finished-at="2025-03-18T14:59:31 IST" duration-ms="2" status="PASS">
          <reporter-output>
          </reporter-output>
        </test-method> <!-- setUp -->
        <test-method signature="getSingleUserTest()[pri:0, instance:com.qa.api.tests.GetUserTest@7d0b7e3c]" started-at="2025-03-18T14:59:31 IST" name="getSingleUserTest" finished-at="2025-03-18T14:59:32 IST" duration-ms="1057" status="PASS">
          <reporter-output>
          </reporter-output>
        </test-method> <!-- getSingleUserTest -->
      </class> <!-- com.qa.api.tests.GetUserTest -->
    </test> <!-- get User Test -->
    <test started-at="2025-03-18T14:59:32 IST" name="CreateUserTest User Test" finished-at="2025-03-18T14:59:37 IST" duration-ms="5652">
      <class name="com.qa.api.tests.CreateUserTest">
        <test-method is-config="true" signature="setUp()[pri:0, instance:com.qa.api.tests.CreateUserTest@723ca036]" started-at="2025-03-18T14:59:32 IST" name="setUp" finished-at="2025-03-18T14:59:32 IST" duration-ms="1" status="PASS">
          <reporter-output>
          </reporter-output>
        </test-method> <!-- setUp -->
        <test-method signature="CreateUserTest()[pri:0, instance:com.qa.api.tests.CreateUserTest@723ca036]" started-at="2025-03-18T14:59:32 IST" name="CreateUserTest" finished-at="2025-03-18T14:59:34 IST" duration-ms="2776" status="PASS">
          <reporter-output>
          </reporter-output>
        </test-method> <!-- CreateUserTest -->
        <test-method is-config="true" signature="setUp()[pri:0, instance:com.qa.api.tests.CreateUserTest@723ca036]" started-at="2025-03-18T14:59:34 IST" name="setUp" finished-at="2025-03-18T14:59:34 IST" duration-ms="2" status="PASS">
          <reporter-output>
          </reporter-output>
        </test-method> <!-- setUp -->
        <test-method signature="CreateUserTestUsingBuilderTest()[pri:0, instance:com.qa.api.tests.CreateUserTest@723ca036]" started-at="2025-03-18T14:59:34 IST" name="CreateUserTestUsingBuilderTest" finished-at="2025-03-18T14:59:36 IST" duration-ms="1853" status="PASS">
          <reporter-output>
          </reporter-output>
        </test-method> <!-- CreateUserTestUsingBuilderTest -->
        <test-method is-config="true" signature="setUp()[pri:0, instance:com.qa.api.tests.CreateUserTest@723ca036]" started-at="2025-03-18T14:59:36 IST" name="setUp" finished-at="2025-03-18T14:59:36 IST" duration-ms="1" status="PASS">
          <reporter-output>
          </reporter-output>
        </test-method> <!-- setUp -->
        <test-method signature="CreateUserTestUsingJSONFile()[pri:0, instance:com.qa.api.tests.CreateUserTest@723ca036]" started-at="2025-03-18T14:59:36 IST" name="CreateUserTestUsingJSONFile" finished-at="2025-03-18T14:59:37 IST" duration-ms="1015" status="FAIL">
          <exception class="java.lang.AssertionError">
            <message>
              <![CDATA[1 expectation failed.
Expected status code <201> but was <422>.
]]>
            </message>
            <full-stacktrace>
              <![CDATA[java.lang.AssertionError: 1 expectation failed.
Expected status code <201> but was <422>.

at java.base/jdk.internal.reflect.DirectConstructorHandleAccessor.newInstance(DirectConstructorHandleAccessor.java:67)
at java.base/java.lang.reflect.Constructor.newInstanceWithCaller(Constructor.java:500)
at java.base/java.lang.reflect.Constructor.newInstance(Constructor.java:484)
at org.codehaus.groovy.reflection.CachedConstructor.invoke(CachedConstructor.java:73)
at org.codehaus.groovy.runtime.callsite.ConstructorSite$ConstructorSiteNoUnwrapNoCoerce.callConstructor(ConstructorSite.java:108)
at org.codehaus.groovy.runtime.callsite.CallSiteArray.defaultCallConstructor(CallSiteArray.java:57)
at org.codehaus.groovy.runtime.callsite.AbstractCallSite.callConstructor(AbstractCallSite.java:263)
at org.codehaus.groovy.runtime.callsite.AbstractCallSite.callConstructor(AbstractCallSite.java:277)
at io.restassured.internal.ResponseSpecificationImpl$HamcrestAssertionClosure.validate(ResponseSpecificationImpl.groovy:512)
at io.restassured.internal.ResponseSpecificationImpl$HamcrestAssertionClosure$validate$1.call(Unknown Source)
at io.restassured.internal.ResponseSpecificationImpl.validate(ResponseSpecificationImpl.groovy:101)
at io.restassured.internal.ValidatableResponseOptionsImpl.spec(ValidatableResponseOptionsImpl.java:288)
at com.qa.api.client.RestClient.post(RestClient.java:145)
at com.qa.api.tests.CreateUserTest.CreateUserTestUsingJSONFile(CreateUserTest.java:56)
at java.base/jdk.internal.reflect.DirectMethodHandleAccessor.invoke(DirectMethodHandleAccessor.java:104)
at java.base/java.lang.reflect.Method.invoke(Method.java:578)
at org.testng.internal.invokers.MethodInvocationHelper.invokeMethod(MethodInvocationHelper.java:141)
at org.testng.internal.invokers.TestInvoker.invokeMethod(TestInvoker.java:686)
at org.testng.internal.invokers.TestInvoker.invokeTestMethod(TestInvoker.java:230)
at org.testng.internal.invokers.MethodRunner.runInSequence(MethodRunner.java:63)
at org.testng.internal.invokers.TestInvoker$MethodInvocationAgent.invoke(TestInvoker.java:992)
at org.testng.internal.invokers.TestInvoker.invokeTestMethods(TestInvoker.java:203)
at org.testng.internal.invokers.TestMethodWorker.invokeTestMethods(TestMethodWorker.java:154)
at org.testng.internal.invokers.TestMethodWorker.run(TestMethodWorker.java:134)
at java.base/java.util.ArrayList.forEach(ArrayList.java:1511)
at org.testng.TestRunner.privateRun(TestRunner.java:739)
at org.testng.TestRunner.run(TestRunner.java:614)
at org.testng.SuiteRunner.runTest(SuiteRunner.java:421)
at org.testng.SuiteRunner.runSequentially(SuiteRunner.java:413)
at org.testng.SuiteRunner.privateRun(SuiteRunner.java:373)
at org.testng.SuiteRunner.run(SuiteRunner.java:312)
at org.testng.SuiteRunnerWorker.runSuite(SuiteRunnerWorker.java:52)
at org.testng.SuiteRunnerWorker.run(SuiteRunnerWorker.java:95)
at org.testng.TestNG.runSuitesSequentially(TestNG.java:1274)
at org.testng.TestNG.runSuitesLocally(TestNG.java:1208)
at org.testng.TestNG.runSuites(TestNG.java:1112)
at org.testng.TestNG.run(TestNG.java:1079)
at org.testng.remote.AbstractRemoteTestNG.run(AbstractRemoteTestNG.java:115)
at org.testng.remote.RemoteTestNG.initAndRun(RemoteTestNG.java:293)
at org.testng.remote.RemoteTestNG.main(RemoteTestNG.java:91)
]]>
            </full-stacktrace>
          </exception> <!-- java.lang.AssertionError -->
          <reporter-output>
          </reporter-output>
        </test-method> <!-- CreateUserTestUsingJSONFile -->
      </class> <!-- com.qa.api.tests.CreateUserTest -->
    </test> <!-- CreateUserTest User Test -->
    <test started-at="2025-03-18T14:59:37 IST" name="PatchUpdateTest Update User Test" finished-at="2025-03-18T14:59:40 IST" duration-ms="2737">
      <class name="com.qa.api.tests.PatchUpdateTest">
        <test-method signature="CreateUserTestUsingBuilderPatchTest()[pri:0, instance:com.qa.api.tests.PatchUpdateTest@52f27fbd]" started-at="2025-03-18T14:59:37 IST" name="CreateUserTestUsingBuilderPatchTest" finished-at="2025-03-18T14:59:40 IST" duration-ms="2735" status="PASS">
          <reporter-output>
          </reporter-output>
        </test-method> <!-- CreateUserTestUsingBuilderPatchTest -->
        <test-method is-config="true" signature="setUp()[pri:0, instance:com.qa.api.tests.PatchUpdateTest@52f27fbd]" started-at="2025-03-18T14:59:37 IST" name="setUp" finished-at="2025-03-18T14:59:37 IST" duration-ms="0" status="PASS">
          <reporter-output>
          </reporter-output>
        </test-method> <!-- setUp -->
      </class> <!-- com.qa.api.tests.PatchUpdateTest -->
    </test> <!-- PatchUpdateTest Update User Test -->
    <test started-at="2025-03-18T14:59:40 IST" name="PutUpdateTest User Test" finished-at="2025-03-18T14:59:43 IST" duration-ms="3004">
      <class name="com.qa.api.tests.PutUpdateTest">
        <test-method is-config="true" signature="setUp()[pri:0, instance:com.qa.api.tests.PutUpdateTest@536f2a7e]" started-at="2025-03-18T14:59:40 IST" name="setUp" finished-at="2025-03-18T14:59:40 IST" duration-ms="1" status="PASS">
          <reporter-output>
          </reporter-output>
        </test-method> <!-- setUp -->
        <test-method signature="CreateUserTestUsingBuilderPutTest()[pri:0, instance:com.qa.api.tests.PutUpdateTest@536f2a7e]" started-at="2025-03-18T14:59:40 IST" name="CreateUserTestUsingBuilderPutTest" finished-at="2025-03-18T14:59:43 IST" duration-ms="3001" status="PASS">
          <reporter-output>
          </reporter-output>
        </test-method> <!-- CreateUserTestUsingBuilderPutTest -->
      </class> <!-- com.qa.api.tests.PutUpdateTest -->
    </test> <!-- PutUpdateTest User Test -->
    <test started-at="2025-03-18T14:59:43 IST" name="Delete User Test" finished-at="2025-03-18T14:59:49 IST" duration-ms="5775">
      <class name="com.qa.api.tests.DeleteTest">
        <test-method is-config="true" signature="setUp()[pri:0, instance:com.qa.api.tests.DeleteTest@6c4906d3]" started-at="2025-03-18T14:59:43 IST" name="setUp" finished-at="2025-03-18T14:59:43 IST" duration-ms="1" status="PASS">
          <reporter-output>
          </reporter-output>
        </test-method> <!-- setUp -->
        <test-method signature="CreateUserTestUsingBuilderDeleteTest()[pri:0, instance:com.qa.api.tests.DeleteTest@6c4906d3]" started-at="2025-03-18T14:59:43 IST" name="CreateUserTestUsingBuilderDeleteTest" finished-at="2025-03-18T14:59:49 IST" duration-ms="5773" status="PASS">
          <reporter-output>
          </reporter-output>
        </test-method> <!-- CreateUserTestUsingBuilderDeleteTest -->
      </class> <!-- com.qa.api.tests.DeleteTest -->
    </test> <!-- Delete User Test -->
  </suite> <!-- API Regression Suite -->
</testng-results>
